app/build/outputs/logs/manifest-merger-debug-report.txt
-- Merging decision tree log ---
manifest
ADDED from src/main/AndroidManifest.xml:2:1-210:12
INJECTED from src/main/AndroidManifest.xml:2:1-210:12
INJECTED from src/main/AndroidManifest.xml:2:1-210:12
INJECTED from src/main/AndroidManifest.xml:2:1-210:12
MERGED from [com.android.support:design:27.0.1] AndroidManifest.xml:17:1-22:12
MERGED from [com.android.support:mediarouter-v7:27.0.1] AndroidManifest.xml:17:1-22:12
MERGED from [com.facebook.android:facebook-login:4.29.0] AndroidManifest.xml:21:1-31:12
MERGED from [com.facebook.android:facebook-common:4.29.0] AndroidManifest.xml:21:1-36:12
MERGED from [com.android.support:appcompat-v7:27.0.1] AndroidManifest.xml:17:1-22:12
MERGED from [com.google.android.gms:play-services-maps:9.8.0] AndroidManifest.xml:16:1-25:12
MERGED from [com.google.android.gms:play-services-location:9.8.0] AndroidManifest.xml:2:1-5:12
MERGED from [com.google.android.gms:play-services-base:9.8.0] AndroidManifest.xml:16:1-21:12
MERGED from [com.google.android.gms:play-services-tasks:9.8.0] AndroidManifest.xml:2:1-5:12
MERGED from [com.google.android.gms:play-services-basement:9.8.0] AndroidManifest.xml:16:1-23:12
MERGED from [com.android.support:support-v4:27.0.1] AndroidManifest.xml:17:1-22:12
MERGED from [com.google.maps.android:android-maps-utils:0.5] AndroidManifest.xml:2:1-13:12
MERGED from [com.mcxiaoke.volley:library-aar:1.0.0] AndroidManifest.xml:1:70-7:12
MERGED from [com.android.support:recyclerview-v7:27.0.1] AndroidManifest.xml:17:1-22:12
MERGED from [com.android.support:transition:27.0.1] AndroidManifest.xml:17:1-22:12
MERGED from [com.android.support:support-fragment:27.0.1] AndroidManifest.xml:17:1-22:12
MERGED from [com.android.support:palette-v7:27.0.1] AndroidManifest.xml:17:1-22:12
MERGED from [com.facebook.android:facebook-core:4.29.0] AndroidManifest.xml:21:1-45:12
MERGED from [com.android.support:support-core-utils:27.0.1] AndroidManifest.xml:17:1-22:12
MERGED from [com.android.support:animated-vector-drawable:27.0.1] AndroidManifest.xml:17:1-22:12
MERGED from [com.android.support:support-vector-drawable:27.0.1] AndroidManifest.xml:17:1-22:12
MERGED from [com.android.support:support-media-compat:27.0.1] AndroidManifest.xml:17:1-22:12
MERGED from [com.android.support:support-core-ui:27.0.1] AndroidManifest.xml:17:1-22:12
MERGED from [com.android.support:customtabs:27.0.1] AndroidManifest.xml:17:1-22:12
MERGED from [com.android.support:support-compat:27.0.1] AndroidManifest.xml:17:1-22:12
MERGED from [com.android.support:cardview-v7:27.0.1] AndroidManifest.xml:17:1-22:12
MERGED from [android.arch.lifecycle:runtime:1.0.0] AndroidManifest.xml:17:1-30:12
INJECTED from src/main/AndroidManifest.xml:2:1-210:12
INJECTED from src/main/AndroidManifest.xml:2:1-210:12
INJECTED from src/main/AndroidManifest.xml:2:1-210:12
	package
		ADDED from src/main/AndroidManifest.xml:3:7-43
		INJECTED from src/main/AndroidManifest.xml
		INJECTED from src/main/AndroidManifest.xml
	android:versionName
		ADDED from src/main/AndroidManifest.xml:5:7-32
		INJECTED from src/main/AndroidManifest.xml
		INJECTED from src/main/AndroidManifest.xml
	xmlns:android
		ADDED from src/main/AndroidManifest.xml:2:11-69
	android:versionCode
		ADDED from src/main/AndroidManifest.xml:4:7-30
		INJECTED from src/main/AndroidManifest.xml
		INJECTED from src/main/AndroidManifest.xml
application
ADDED from src/main/AndroidManifest.xml:9:5-179:19
MERGED from [com.facebook.android:facebook-login:4.29.0] AndroidManifest.xml:28:5-29:19
MERGED from [com.facebook.android:facebook-login:4.29.0] AndroidManifest.xml:28:5-29:19
MERGED from [com.facebook.android:facebook-common:4.29.0] AndroidManifest.xml:28:5-34:19
MERGED from [com.facebook.android:facebook-common:4.29.0] AndroidManifest.xml:28:5-34:19
MERGED from [com.google.android.gms:play-services-maps:9.8.0] AndroidManifest.xml:24:5-19
MERGED from [com.google.android.gms:play-services-maps:9.8.0] AndroidManifest.xml:24:5-19
MERGED from [com.google.android.gms:play-services-location:9.8.0] AndroidManifest.xml:4:5-19
MERGED from [com.google.android.gms:play-services-location:9.8.0] AndroidManifest.xml:4:5-19
MERGED from [com.google.android.gms:play-services-base:9.8.0] AndroidManifest.xml:18:5-20:19
MERGED from [com.google.android.gms:play-services-base:9.8.0] AndroidManifest.xml:18:5-20:19
MERGED from [com.google.android.gms:play-services-tasks:9.8.0] AndroidManifest.xml:4:5-19
MERGED from [com.google.android.gms:play-services-tasks:9.8.0] AndroidManifest.xml:4:5-19
MERGED from [com.google.android.gms:play-services-basement:9.8.0] AndroidManifest.xml:19:5-21:19
MERGED from [com.google.android.gms:play-services-basement:9.8.0] AndroidManifest.xml:19:5-21:19
MERGED from [com.google.maps.android:android-maps-utils:0.5] AndroidManifest.xml:7:5-11:19
MERGED from [com.google.maps.android:android-maps-utils:0.5] AndroidManifest.xml:7:5-11:19
MERGED from [com.mcxiaoke.volley:library-aar:1.0.0] AndroidManifest.xml:5:5-19
MERGED from [com.mcxiaoke.volley:library-aar:1.0.0] AndroidManifest.xml:5:5-19
MERGED from [com.facebook.android:facebook-core:4.29.0] AndroidManifest.xml:28:5-43:19
MERGED from [com.facebook.android:facebook-core:4.29.0] AndroidManifest.xml:28:5-43:19
MERGED from [android.arch.lifecycle:runtime:1.0.0] AndroidManifest.xml:24:5-28:19
MERGED from [android.arch.lifecycle:runtime:1.0.0] AndroidManifest.xml:24:5-28:19
	android:supportsRtl
		ADDED from src/main/AndroidManifest.xml:13:3-29
	android:label
		ADDED from src/main/AndroidManifest.xml:12:3-35
	android:icon
		ADDED from src/main/AndroidManifest.xml:11:3-31
	android:theme
		ADDED from src/main/AndroidManifest.xml:14:3-41
	android:name
		ADDED from src/main/AndroidManifest.xml:10:3-58
meta-data#com.facebook.sdk.ApplicationId
ADDED from src/main/AndroidManifest.xml:17:3-18:45
	android:value
		ADDED from src/main/AndroidManifest.xml:18:4-43
	android:name
		ADDED from src/main/AndroidManifest.xml:17:14-59
activity#com.facebook.FacebookActivity
ADDED from src/main/AndroidManifest.xml:20:3-23:39
MERGED from [com.facebook.android:facebook-common:4.29.0] AndroidManifest.xml:29:9-32:66
MERGED from [com.facebook.android:facebook-common:4.29.0] AndroidManifest.xml:29:9-32:66
	android:label
		ADDED from src/main/AndroidManifest.xml:23:4-36
	android:configChanges
		ADDED from src/main/AndroidManifest.xml:21:4-92
	android:theme
		ADDED from [com.facebook.android:facebook-common:4.29.0] AndroidManifest.xml:32:13-63
	android:name
		ADDED from src/main/AndroidManifest.xml:20:13-57
activity#com.facebook.CustomTabActivity
ADDED from src/main/AndroidManifest.xml:24:3-33:14
	android:exported
		ADDED from src/main/AndroidManifest.xml:26:4-27
	android:name
		ADDED from src/main/AndroidManifest.xml:25:4-49
intent-filter#android.intent.action.VIEW+android.intent.category.BROWSABLE+android.intent.category.DEFAULT
ADDED from src/main/AndroidManifest.xml:27:4-32:20
action#android.intent.action.VIEW
ADDED from src/main/AndroidManifest.xml:28:5-57
	android:name
		ADDED from src/main/AndroidManifest.xml:28:13-54
category#android.intent.category.DEFAULT
ADDED from src/main/AndroidManifest.xml:29:5-64
	android:name
		ADDED from src/main/AndroidManifest.xml:29:15-61
category#android.intent.category.BROWSABLE
ADDED from src/main/AndroidManifest.xml:30:5-66
	android:name
		ADDED from src/main/AndroidManifest.xml:30:15-63
data
ADDED from src/main/AndroidManifest.xml:31:5-63
	android:scheme
		ADDED from src/main/AndroidManifest.xml:31:11-60
	android:mimeType
		ADDED from src/main/AndroidManifest.xml:102:35-80
uses-library#com.google.android.maps
ADDED from src/main/AndroidManifest.xml:36:3-58
	android:name
		ADDED from src/main/AndroidManifest.xml:36:17-55
activity#com.radinaldn.smartngetrip.SplashActivity
ADDED from src/main/AndroidManifest.xml:38:9-45:20
	android:screenOrientation
		ADDED from src/main/AndroidManifest.xml:39:13-49
	android:theme
		ADDED from src/main/AndroidManifest.xml:40:13-51
	android:name
		ADDED from src/main/AndroidManifest.xml:38:19-75
intent-filter#android.intent.action.MAIN+android.intent.category.LAUNCHER
ADDED from src/main/AndroidManifest.xml:41:13-44:29
action#android.intent.action.MAIN
ADDED from src/main/AndroidManifest.xml:42:17-69
	android:name
		ADDED from src/main/AndroidManifest.xml:42:25-66
category#android.intent.category.LAUNCHER
ADDED from src/main/AndroidManifest.xml:43:17-77
	android:name
		ADDED from src/main/AndroidManifest.xml:43:27-74
activity#com.radinaldn.smartngetrip.Login
ADDED from src/main/AndroidManifest.xml:47:9-55:20
	android:screenOrientation
		ADDED from src/main/AndroidManifest.xml:50:13-49
	android:label
		ADDED from src/main/AndroidManifest.xml:49:13-45
	android:theme
		ADDED from src/main/AndroidManifest.xml:48:4-54
	android:name
		ADDED from src/main/AndroidManifest.xml:47:19-66
intent-filter#android.intent.category.DEFAULT+org.android10.intent.action.LAUNCH_MAIN
ADDED from src/main/AndroidManifest.xml:51:13-54:29
action#org.android10.intent.action.LAUNCH_MAIN
ADDED from src/main/AndroidManifest.xml:52:17-82
	android:name
		ADDED from src/main/AndroidManifest.xml:52:25-79
activity#com.radinaldn.smartngetrip.ListActivity
ADDED from src/main/AndroidManifest.xml:57:9-60:20
	android:screenOrientation
		ADDED from src/main/AndroidManifest.xml:59:13-49
	android:label
		ADDED from src/main/AndroidManifest.xml:58:13-45
	android:name
		ADDED from src/main/AndroidManifest.xml:57:19-73
activity#com.radinaldn.smartngetrip.LaporKecelakaan
ADDED from src/main/AndroidManifest.xml:62:3-66:14
	android:screenOrientation
		ADDED from src/main/AndroidManifest.xml:64:4-40
	android:label
		ADDED from src/main/AndroidManifest.xml:63:4-36
	android:name
		ADDED from src/main/AndroidManifest.xml:62:13-70
activity#com.radinaldn.smartngetrip.FAQActivity
ADDED from src/main/AndroidManifest.xml:68:3-72:14
	android:screenOrientation
		ADDED from src/main/AndroidManifest.xml:70:4-40
	android:label
		ADDED from src/main/AndroidManifest.xml:69:4-33
	android:name
		ADDED from src/main/AndroidManifest.xml:68:13-66
activity#com.radinaldn.smartngetrip.News
ADDED from src/main/AndroidManifest.xml:74:3-78:14
	android:screenOrientation
		ADDED from src/main/AndroidManifest.xml:76:4-40
	android:label
		ADDED from src/main/AndroidManifest.xml:75:4-36
	android:name
		ADDED from src/main/AndroidManifest.xml:74:13-59
activity#com.radinaldn.smartngetrip.MainActivity
ADDED from src/main/AndroidManifest.xml:79:3-84:14
	android:theme
		ADDED from src/main/AndroidManifest.xml:81:4-54
	android:name
		ADDED from src/main/AndroidManifest.xml:80:4-58
activity#com.radinaldn.smartngetrip.Register
ADDED from src/main/AndroidManifest.xml:86:3-91:14
	android:theme
		ADDED from src/main/AndroidManifest.xml:88:4-42
	android:name
		ADDED from src/main/AndroidManifest.xml:87:4-54
activity#com.mixare.MixView
ADDED from src/main/AndroidManifest.xml:94:9-113:20
	android:screenOrientation
		ADDED from src/main/AndroidManifest.xml:95:13-50
	android:label
		ADDED from src/main/AndroidManifest.xml:94:19-51
	android:launchMode
		ADDED from src/main/AndroidManifest.xml:96:19-49
	android:name
		ADDED from src/main/AndroidManifest.xml:94:52-85
intent-filter#android.intent.action.SEARCH
ADDED from src/main/AndroidManifest.xml:106:13-108:26
action#android.intent.action.SEARCH
ADDED from src/main/AndroidManifest.xml:107:14-67
	android:name
		ADDED from src/main/AndroidManifest.xml:107:22-65
meta-data#android.app.searchable
ADDED from src/main/AndroidManifest.xml:109:10-110:57
	android:resource
		ADDED from src/main/AndroidManifest.xml:110:21-55
	android:name
		ADDED from src/main/AndroidManifest.xml:109:21-58
meta-data#android.app.default_searchable
ADDED from src/main/AndroidManifest.xml:111:13-112:45
	android:value
		ADDED from src/main/AndroidManifest.xml:112:18-42
	android:name
		ADDED from src/main/AndroidManifest.xml:111:24-69
activity#com.mixare.MixListView
ADDED from src/main/AndroidManifest.xml:115:9-123:14
	android:screenOrientation
		ADDED from src/main/AndroidManifest.xml:116:4-36
	android:launchMode
		ADDED from src/main/AndroidManifest.xml:117:4-34
	android:name
		ADDED from src/main/AndroidManifest.xml:115:19-56
activity#com.mixare.MixMap
ADDED from src/main/AndroidManifest.xml:125:3-133:14
	android:screenOrientation
		ADDED from src/main/AndroidManifest.xml:126:4-36
	android:launchMode
		ADDED from src/main/AndroidManifest.xml:127:4-34
	android:name
		ADDED from src/main/AndroidManifest.xml:125:13-45
meta-data#ADMOB_PUBLISHER_ID
ADDED from src/main/AndroidManifest.xml:138:3-67
	android:value
		ADDED from src/main/AndroidManifest.xml:138:14-30
	android:name
		ADDED from src/main/AndroidManifest.xml:138:31-64
activity#com.admob.android.ads.AdMobActivity
ADDED from src/main/AndroidManifest.xml:141:3-143:65
	android:configChanges
		ADDED from src/main/AndroidManifest.xml:143:3-62
	android:theme
		ADDED from src/main/AndroidManifest.xml:142:3-61
	android:name
		ADDED from src/main/AndroidManifest.xml:141:13-63
activity#com.radinaldn.smartngetrip.MapsView
ADDED from src/main/AndroidManifest.xml:145:4-149:20
	android:screenOrientation
		ADDED from src/main/AndroidManifest.xml:148:13-49
	android:label
		ADDED from src/main/AndroidManifest.xml:147:13-45
	android:name
		ADDED from src/main/AndroidManifest.xml:146:13-63
activity#com.radinaldn.smartngetrip.Detail
ADDED from src/main/AndroidManifest.xml:151:3-154:14
	android:screenOrientation
		ADDED from src/main/AndroidManifest.xml:153:7-43
	android:label
		ADDED from src/main/AndroidManifest.xml:152:7-39
	android:name
		ADDED from src/main/AndroidManifest.xml:151:13-61
activity#com.radinaldn.smartngetrip.WebViewActivity
ADDED from src/main/AndroidManifest.xml:156:3-160:14
	android:screenOrientation
		ADDED from src/main/AndroidManifest.xml:158:4-40
	android:label
		ADDED from src/main/AndroidManifest.xml:157:4-33
	android:name
		ADDED from src/main/AndroidManifest.xml:156:13-44
receiver#com.admob.android.ads.analytics.InstallReceiver
ADDED from src/main/AndroidManifest.xml:164:3-169:14
	android:exported
		ADDED from src/main/AndroidManifest.xml:165:3-26
	android:name
		ADDED from src/main/AndroidManifest.xml:164:13-75
intent-filter#com.android.vending.INSTALL_REFERRER
ADDED from src/main/AndroidManifest.xml:166:4-168:20
action#com.android.vending.INSTALL_REFERRER
ADDED from src/main/AndroidManifest.xml:167:6-68
	android:name
		ADDED from src/main/AndroidManifest.xml:167:14-65
meta-data#ADMOB_ALLOW_LOCATION_FOR_ADS
ADDED from src/main/AndroidManifest.xml:171:9-87
	android:value
		ADDED from src/main/AndroidManifest.xml:171:20-41
	android:name
		ADDED from src/main/AndroidManifest.xml:171:42-85
meta-data#com.google.android.maps.v2.API_KEY
ADDED from src/main/AndroidManifest.xml:173:10-175:71
	android:value
		ADDED from src/main/AndroidManifest.xml:175:13-68
	android:name
		ADDED from src/main/AndroidManifest.xml:174:13-62
meta-data#com.google.android.gms.version
ADDED from src/main/AndroidManifest.xml:176:9-178:71
MERGED from [com.google.android.gms:play-services-basement:9.8.0] AndroidManifest.xml:20:9-121
MERGED from [com.google.android.gms:play-services-basement:9.8.0] AndroidManifest.xml:20:9-121
MERGED from [com.google.maps.android:android-maps-utils:0.5] AndroidManifest.xml:8:9-10:69
MERGED from [com.google.maps.android:android-maps-utils:0.5] AndroidManifest.xml:8:9-10:69
	android:value
		ADDED from src/main/AndroidManifest.xml:178:15-68
	android:name
		ADDED from src/main/AndroidManifest.xml:177:15-60
permission#com.radinaldn.smartngetrip..MAPS_RECEIVE
ADDED from src/main/AndroidManifest.xml:181:5-183:47
	android:protectionLevel
		ADDED from src/main/AndroidManifest.xml:183:9-44
	android:name
		ADDED from src/main/AndroidManifest.xml:182:9-64
uses-sdk
ADDED from src/main/AndroidManifest.xml:185:5-44
INJECTED from src/main/AndroidManifest.xml:185:5-44
INJECTED from src/main/AndroidManifest.xml:185:5-44
MERGED from [com.android.support:design:27.0.1] AndroidManifest.xml:20:5-44
MERGED from [com.android.support:design:27.0.1] AndroidManifest.xml:20:5-44
MERGED from [com.android.support:mediarouter-v7:27.0.1] AndroidManifest.xml:20:5-44
MERGED from [com.android.support:mediarouter-v7:27.0.1] AndroidManifest.xml:20:5-44
MERGED from [com.facebook.android:facebook-login:4.29.0] AndroidManifest.xml:24:5-26:41
MERGED from [com.facebook.android:facebook-login:4.29.0] AndroidManifest.xml:24:5-26:41
MERGED from [com.facebook.android:facebook-common:4.29.0] AndroidManifest.xml:24:5-26:41
MERGED from [com.facebook.android:facebook-common:4.29.0] AndroidManifest.xml:24:5-26:41
MERGED from [com.android.support:appcompat-v7:27.0.1] AndroidManifest.xml:20:5-44
MERGED from [com.android.support:appcompat-v7:27.0.1] AndroidManifest.xml:20:5-44
MERGED from [com.google.android.gms:play-services-maps:9.8.0] AndroidManifest.xml:23:5-42
MERGED from [com.google.android.gms:play-services-maps:9.8.0] AndroidManifest.xml:23:5-42
MERGED from [com.google.android.gms:play-services-location:9.8.0] AndroidManifest.xml:3:5-42
MERGED from [com.google.android.gms:play-services-location:9.8.0] AndroidManifest.xml:3:5-42
MERGED from [com.google.android.gms:play-services-base:9.8.0] AndroidManifest.xml:17:5-42
MERGED from [com.google.android.gms:play-services-base:9.8.0] AndroidManifest.xml:17:5-42
MERGED from [com.google.android.gms:play-services-tasks:9.8.0] AndroidManifest.xml:3:5-42
MERGED from [com.google.android.gms:play-services-tasks:9.8.0] AndroidManifest.xml:3:5-42
MERGED from [com.google.android.gms:play-services-basement:9.8.0] AndroidManifest.xml:17:5-42
MERGED from [com.google.android.gms:play-services-basement:9.8.0] AndroidManifest.xml:17:5-42
MERGED from [com.android.support:support-v4:27.0.1] AndroidManifest.xml:20:5-44
MERGED from [com.android.support:support-v4:27.0.1] AndroidManifest.xml:20:5-44
MERGED from [com.google.maps.android:android-maps-utils:0.5] AndroidManifest.xml:5:5-43
MERGED from [com.google.maps.android:android-maps-utils:0.5] AndroidManifest.xml:5:5-43
MERGED from [com.mcxiaoke.volley:library-aar:1.0.0] AndroidManifest.xml:3:5-72
MERGED from [com.mcxiaoke.volley:library-aar:1.0.0] AndroidManifest.xml:3:5-72
MERGED from [com.android.support:recyclerview-v7:27.0.1] AndroidManifest.xml:20:5-44
MERGED from [com.android.support:recyclerview-v7:27.0.1] AndroidManifest.xml:20:5-44
MERGED from [com.android.support:transition:27.0.1] AndroidManifest.xml:20:5-44
MERGED from [com.android.support:transition:27.0.1] AndroidManifest.xml:20:5-44
MERGED from [com.android.support:support-fragment:27.0.1] AndroidManifest.xml:20:5-44
MERGED from [com.android.support:support-fragment:27.0.1] AndroidManifest.xml:20:5-44
MERGED from [com.android.support:palette-v7:27.0.1] AndroidManifest.xml:20:5-44
MERGED from [com.android.support:palette-v7:27.0.1] AndroidManifest.xml:20:5-44
MERGED from [com.facebook.android:facebook-core:4.29.0] AndroidManifest.xml:24:5-26:41
MERGED from [com.facebook.android:facebook-core:4.29.0] AndroidManifest.xml:24:5-26:41
MERGED from [com.android.support:support-core-utils:27.0.1] AndroidManifest.xml:20:5-44
MERGED from [com.android.support:support-core-utils:27.0.1] AndroidManifest.xml:20:5-44
MERGED from [com.android.support:animated-vector-drawable:27.0.1] AndroidManifest.xml:20:5-44
MERGED from [com.android.support:animated-vector-drawable:27.0.1] AndroidManifest.xml:20:5-44
MERGED from [com.android.support:support-vector-drawable:27.0.1] AndroidManifest.xml:20:5-44
MERGED from [com.android.support:support-vector-drawable:27.0.1] AndroidManifest.xml:20:5-44
MERGED from [com.android.support:support-media-compat:27.0.1] AndroidManifest.xml:20:5-44
MERGED from [com.android.support:support-media-compat:27.0.1] AndroidManifest.xml:20:5-44
MERGED from [com.android.support:support-core-ui:27.0.1] AndroidManifest.xml:20:5-44
MERGED from [com.android.support:support-core-ui:27.0.1] AndroidManifest.xml:20:5-44
MERGED from [com.android.support:customtabs:27.0.1] AndroidManifest.xml:20:5-44
MERGED from [com.android.support:customtabs:27.0.1] AndroidManifest.xml:20:5-44
MERGED from [com.android.support:support-compat:27.0.1] AndroidManifest.xml:20:5-44
MERGED from [com.android.support:support-compat:27.0.1] AndroidManifest.xml:20:5-44
MERGED from [com.android.support:cardview-v7:27.0.1] AndroidManifest.xml:20:5-44
MERGED from [com.android.support:cardview-v7:27.0.1] AndroidManifest.xml:20:5-44
MERGED from [android.arch.lifecycle:runtime:1.0.0] AndroidManifest.xml:20:5-22:41
MERGED from [android.arch.lifecycle:runtime:1.0.0] AndroidManifest.xml:20:5-22:41
INJECTED from src/main/AndroidManifest.xml:185:5-44
INJECTED from src/main/AndroidManifest.xml:185:5-44
	android:targetSdkVersion
		INJECTED from src/main/AndroidManifest.xml
		ADDED from src/main/AndroidManifest.xml:185:5-44
		INJECTED from src/main/AndroidManifest.xml
	android:minSdkVersion
		ADDED from src/main/AndroidManifest.xml:185:15-41
		INJECTED from src/main/AndroidManifest.xml
		INJECTED from src/main/AndroidManifest.xml
uses-permission#android.permission.INTERNET
ADDED from src/main/AndroidManifest.xml:187:2-64
MERGED from [com.google.android.gms:play-services-maps:9.8.0] AndroidManifest.xml:20:5-66
MERGED from [com.google.android.gms:play-services-maps:9.8.0] AndroidManifest.xml:20:5-66
	android:name
		ADDED from src/main/AndroidManifest.xml:187:19-61
uses-permission#android.permission.CAMERA
ADDED from src/main/AndroidManifest.xml:189:2-62
	android:name
		ADDED from src/main/AndroidManifest.xml:189:19-59
uses-permission#android.permission.WRITE_EXTERNAL_STORAGE
ADDED from src/main/AndroidManifest.xml:191:2-78
	android:name
		ADDED from src/main/AndroidManifest.xml:191:19-75
uses-permission#android.permission.READ_EXTERNAL_STORAGE
ADDED from src/main/AndroidManifest.xml:192:2-77
	android:name
		ADDED from src/main/AndroidManifest.xml:192:19-74
uses-feature#android.hardware.camera
ADDED from src/main/AndroidManifest.xml:193:2-57
	android:name
		ADDED from src/main/AndroidManifest.xml:193:16-54
uses-feature#android.hardware.camera.autofocus
ADDED from src/main/AndroidManifest.xml:194:2-67
	android:name
		ADDED from src/main/AndroidManifest.xml:194:16-64
uses-permission#android.permission.CALL_PHONE
ADDED from src/main/AndroidManifest.xml:195:2-66
	android:name
		ADDED from src/main/AndroidManifest.xml:195:19-63
uses-permission#android.permission.READ_PHONE_STATE
ADDED from src/main/AndroidManifest.xml:196:2-72
	android:name
		ADDED from src/main/AndroidManifest.xml:196:19-69
uses-permission#android.permission.PROCESS_OUTGOING_CALLS
ADDED from src/main/AndroidManifest.xml:197:2-78
	android:name
		ADDED from src/main/AndroidManifest.xml:197:19-75
uses-permission#android.permission.ACCESS_COARSE_LOCATION
ADDED from src/main/AndroidManifest.xml:198:2-78
	android:name
		ADDED from src/main/AndroidManifest.xml:198:19-75
uses-permission#android.permission.ACCESS_FINE_LOCATION
ADDED from src/main/AndroidManifest.xml:199:5-79
	android:name
		ADDED from src/main/AndroidManifest.xml:199:22-76
uses-permission#android.permission.ACCESS_LOCATION
ADDED from src/main/AndroidManifest.xml:201:5-74
	android:name
		ADDED from src/main/AndroidManifest.xml:201:22-71
uses-permission#android.permission.ACCESS_NETWORK_STATE
ADDED from src/main/AndroidManifest.xml:203:5-79
MERGED from [com.google.android.gms:play-services-maps:9.8.0] AndroidManifest.xml:19:5-78
MERGED from [com.google.android.gms:play-services-maps:9.8.0] AndroidManifest.xml:19:5-78
	android:name
		ADDED from src/main/AndroidManifest.xml:203:22-76
uses-permission#org.android.adha.MAPS_RECEIVE
ADDED from src/main/AndroidManifest.xml:204:5-69
	android:name
		ADDED from src/main/AndroidManifest.xml:204:22-66
uses-permission#com.google.android.providers.gsf.permission.READ_GSERVICES
ADDED from src/main/AndroidManifest.xml:205:5-98
	android:name
		ADDED from src/main/AndroidManifest.xml:205:22-95
uses-permission#android.permission.WAKE_LOCK
ADDED from src/main/AndroidManifest.xml:206:5-84
	android:name
		ADDED from src/main/AndroidManifest.xml:206:22-65
activity#com.facebook.CustomTabMainActivity
ADDED from [com.facebook.android:facebook-common:4.29.0] AndroidManifest.xml:33:9-71
	android:name
		ADDED from [com.facebook.android:facebook-common:4.29.0] AndroidManifest.xml:33:19-68
uses-feature#0x00020000
ADDED from [com.google.android.gms:play-services-maps:9.8.0] AndroidManifest.xml:21:5-77
	android:glEsVersion
		ADDED from [com.google.android.gms:play-services-maps:9.8.0] AndroidManifest.xml:21:19-51
	android:required
		ADDED from [com.google.android.gms:play-services-maps:9.8.0] AndroidManifest.xml:21:52-75
activity#com.google.android.gms.common.api.GoogleApiActivity
ADDED from [com.google.android.gms:play-services-base:9.8.0] AndroidManifest.xml:19:9-172
	android:exported
		ADDED from [com.google.android.gms:play-services-base:9.8.0] AndroidManifest.xml:19:146-170
	android:theme
		ADDED from [com.google.android.gms:play-services-base:9.8.0] AndroidManifest.xml:19:86-145
	android:name
		ADDED from [com.google.android.gms:play-services-base:9.8.0] AndroidManifest.xml:19:19-85
provider#com.facebook.internal.FacebookInitProvider
ADDED from [com.facebook.android:facebook-core:4.29.0] AndroidManifest.xml:39:9-42:40
	android:authorities
		ADDED from [com.facebook.android:facebook-core:4.29.0] AndroidManifest.xml:41:13-72
	android:exported
		ADDED from [com.facebook.android:facebook-core:4.29.0] AndroidManifest.xml:42:13-37
	android:name
		ADDED from [com.facebook.android:facebook-core:4.29.0] AndroidManifest.xml:40:13-70
meta-data#android.arch.lifecycle.VERSION
ADDED from [android.arch.lifecycle:runtime:1.0.0] AndroidManifest.xml:25:9-27:47
	android:value
		ADDED from [android.arch.lifecycle:runtime:1.0.0] AndroidManifest.xml:27:13-44
	android:name
		ADDED from [android.arch.lifecycle:runtime:1.0.0] AndroidManifest.xml:26:13-58